Using pre-set license
Built from '2020.2/staging' branch; Version is '2020.2.3f1 (8ff31bc5bf5b) revision 9433883'; Using compiler version '192528614'; Build Type 'Release'
OS: 'Windows 10 Home; OS build 19041.928; Version 2004; 64bit' Language: 'en' Physical Memory: 16239 MB
BatchMode: 1, IsHumanControllingUs: 0, StartBugReporterOnCrash: 0, Is64bit: 1, IsPro: 0

 COMMAND LINE ARGUMENTS:
C:\Program Files\Unity\Hub\Editor\2020.2.3f1\Editor\Unity.exe
-adb2
-batchMode
-noUpm
-name
AssetImportWorker0
-projectPath
D:/space alien/space alien
-logFile
Logs/AssetImportWorker0.log
-srvPort
62330
Successfully changed project path to: D:/space alien/space alien
D:/space alien/space alien
Using Asset Import Pipeline V2.
Refreshing native plugins compatible for Editor in 83.41 ms, found 0 plugins.
Preloading 0 native plugins for Editor in 0.00 ms.
Initialize engine version: 2020.2.3f1 (8ff31bc5bf5b)
[Subsystems] Discovering subsystems at path C:/Program Files/Unity/Hub/Editor/2020.2.3f1/Editor/Data/Resources/UnitySubsystems
[Subsystems] Discovering subsystems at path D:/space alien/space alien/Assets
GfxDevice: creating device client; threaded=0
Direct3D:
    Version:  Direct3D 11.0 [level 11.1]
    Renderer: NVIDIA GeForce GTX 1060 (ID=0x1c20)
    Vendor:   
    VRAM:     6052 MB
    Driver:   27.21.14.5167
Shader 'Universal Render Pipeline/Particles/Lit': fallback shader 'Universal Render Pipeline/Particles/SimpleLit' not found
Initialize mono
Mono path[0] = 'C:/Program Files/Unity/Hub/Editor/2020.2.3f1/Editor/Data/Managed'
Mono path[1] = 'C:/Program Files/Unity/Hub/Editor/2020.2.3f1/Editor/Data/MonoBleedingEdge/lib/mono/unityjit'
Mono config path = 'C:/Program Files/Unity/Hub/Editor/2020.2.3f1/Editor/Data/MonoBleedingEdge/etc'
Using monoOptions --debugger-agent=transport=dt_socket,embedding=1,server=y,suspend=n,address=127.0.0.1:56112
Begin MonoManager ReloadAssembly
Registering precompiled unity dll's ...
Register platform support module: C:/Program Files/Unity/Hub/Editor/2020.2.3f1/Editor/Data/PlaybackEngines/WindowsStandaloneSupport/UnityEditor.WindowsStandalone.Extensions.dll
Registered in 0.006666 seconds.
Native extension for WindowsStandalone target not found
Refreshing native plugins compatible for Editor in 59.96 ms, found 0 plugins.
Preloading 0 native plugins for Editor in 0.00 ms.
Invoked RoslynAnalysisRunner static constructor.
RoslynAnalysisRunner will not be running.
RoslynAnalysisRunner has terminated.
Mono: successfully reloaded assembly
- Completed reload, in  1.614 seconds
Platform modules already initialized, skipping
Registering precompiled user dll's ...
Registered in 0.002948 seconds.
Begin MonoManager ReloadAssembly
Native extension for WindowsStandalone target not found
Refreshing native plugins compatible for Editor in 63.33 ms, found 0 plugins.
Preloading 0 native plugins for Editor in 0.00 ms.
Invoked RoslynAnalysisRunner static constructor.
RoslynAnalysisRunner will not be running.
RoslynAnalysisRunner has terminated.
Mono: successfully reloaded assembly
- Completed reload, in  1.649 seconds
Platform modules already initialized, skipping
========================================================================
Worker process is ready to serve import requests
Shader 'Universal Render Pipeline/Particles/Lit': fallback shader 'Universal Render Pipeline/Particles/SimpleLit' not found
Launched and connected shader compiler UnityShaderCompiler.exe after 0.08 seconds
Refreshing native plugins compatible for Editor in 0.61 ms, found 0 plugins.
Preloading 0 native plugins for Editor in 0.00 ms.
Unloading 2709 Unused Serialized files (Serialized files now loaded: 0)
System memory in use before: 120.4 MB.
System memory in use after: 120.6 MB.

Unloading 34 unused Assets to reduce memory usage. Loaded Objects now: 3140.
Total: 3.032900 ms (FindLiveObjects: 0.353300 ms CreateObjectMapping: 0.219500 ms MarkObjects: 2.369000 ms  DeleteObjects: 0.089900 ms)

========================================================================
Received Import Request.
  path: Assets/scripts/startgame.cs
  artifactKey: Guid(943815e39f89ae842b8fffd4c741b773) Importer(815301076,1909f56bfc062723c751e8b465ee728b)
Start importing Assets/scripts/startgame.cs using Guid(943815e39f89ae842b8fffd4c741b773) Importer(815301076,1909f56bfc062723c751e8b465ee728b)  -> (artifact id: '33a71de5feffb674b08d187c5a03501e') in 0.059030 seconds
  Import took 0.076450 seconds .

========================================================================
Received Import Request.
  Time since last request: 71.982793 seconds.
  path: Assets/scripts/startgame.cs
  artifactKey: Guid(943815e39f89ae842b8fffd4c741b773) Importer(815301076,1909f56bfc062723c751e8b465ee728b)
Start importing Assets/scripts/startgame.cs using Guid(943815e39f89ae842b8fffd4c741b773) Importer(815301076,1909f56bfc062723c751e8b465ee728b)  -> (artifact id: 'a909ceb240dd5e9fc55341ff17247f02') in 0.004002 seconds
  Import took 0.017231 seconds .

========================================================================
Received Prepare
Registering precompiled user dll's ...
Registered in 0.004019 seconds.
Begin MonoManager ReloadAssembly
Native extension for WindowsStandalone target not found
Refreshing native plugins compatible for Editor in 0.61 ms, found 0 plugins.
Preloading 0 native plugins for Editor in 0.00 ms.
Invoked RoslynAnalysisRunner static constructor.
RoslynAnalysisRunner will not be running.
RoslynAnalysisRunner has terminated.
Mono: successfully reloaded assembly
- Completed reload, in  1.570 seconds
Platform modules already initialized, skipping
Shader 'Universal Render Pipeline/Particles/Lit': fallback shader 'Universal Render Pipeline/Particles/SimpleLit' not found
Refreshing native plugins compatible for Editor in 0.63 ms, found 0 plugins.
Preloading 0 native plugins for Editor in 0.00 ms.
Unloading 2599 Unused Serialized files (Serialized files now loaded: 0)
System memory in use before: 114.6 MB.
System memory in use after: 114.8 MB.

Unloading 25 unused Assets to reduce memory usage. Loaded Objects now: 3142.
Total: 2.956300 ms (FindLiveObjects: 0.345200 ms CreateObjectMapping: 0.159900 ms MarkObjects: 2.417000 ms  DeleteObjects: 0.032800 ms)

========================================================================
Received Prepare
Registering precompiled user dll's ...
Registered in 0.004645 seconds.
Begin MonoManager ReloadAssembly
Native extension for WindowsStandalone target not found
Refreshing native plugins compatible for Editor in 0.95 ms, found 0 plugins.
Preloading 0 native plugins for Editor in 0.00 ms.
Invoked RoslynAnalysisRunner static constructor.
RoslynAnalysisRunner will not be running.
RoslynAnalysisRunner has terminated.
Mono: successfully reloaded assembly
- Completed reload, in  1.509 seconds
Platform modules already initialized, skipping
Shader 'Universal Render Pipeline/Particles/Lit': fallback shader 'Universal Render Pipeline/Particles/SimpleLit' not found
Refreshing native plugins compatible for Editor in 0.65 ms, found 0 plugins.
Preloading 0 native plugins for Editor in 0.00 ms.
Unloading 2599 Unused Serialized files (Serialized files now loaded: 0)
System memory in use before: 114.6 MB.
System memory in use after: 114.8 MB.

Unloading 25 unused Assets to reduce memory usage. Loaded Objects now: 3144.
Total: 3.011200 ms (FindLiveObjects: 0.322200 ms CreateObjectMapping: 0.183700 ms MarkObjects: 2.474700 ms  DeleteObjects: 0.029500 ms)

========================================================================
Received Import Request.
  Time since last request: 454.988073 seconds.
  path: Assets/Scenes/FinalMap.unity
  artifactKey: Guid(2d2711c75732abd4ea8e9cc75ba1d046) Importer(815301076,1909f56bfc062723c751e8b465ee728b)
Start importing Assets/Scenes/FinalMap.unity using Guid(2d2711c75732abd4ea8e9cc75ba1d046) Importer(815301076,1909f56bfc062723c751e8b465ee728b)  -> (artifact id: '4ed73e4dca6bb936139ac2d02cba5e28') in 0.020841 seconds
  Import took 0.025831 seconds .

========================================================================
Received Import Request.
  Time since last request: 25.613109 seconds.
  path: Assets/scripts/ProgressTracker.cs
  artifactKey: Guid(796eb2000e1bd0d4894bf401faf16fa4) Importer(815301076,1909f56bfc062723c751e8b465ee728b)
Start importing Assets/scripts/ProgressTracker.cs using Guid(796eb2000e1bd0d4894bf401faf16fa4) Importer(815301076,1909f56bfc062723c751e8b465ee728b)  -> (artifact id: 'be32eec1e813de6debfefe2fe3ffb3c1') in 0.003368 seconds
  Import took 0.008263 seconds .

========================================================================
Received Import Request.
  Time since last request: 0.003166 seconds.
  path: Assets/scripts/ProgressTracker.cs
  artifactKey: Guid(796eb2000e1bd0d4894bf401faf16fa4) Importer(815301076,1909f56bfc062723c751e8b465ee728b)
Start importing Assets/scripts/ProgressTracker.cs using Guid(796eb2000e1bd0d4894bf401faf16fa4) Importer(815301076,1909f56bfc062723c751e8b465ee728b)  -> (artifact id: 'be32eec1e813de6debfefe2fe3ffb3c1') in 0.002488 seconds
  Import took 0.007596 seconds .

========================================================================
Received Import Request.
  Time since last request: 34.786087 seconds.
  path: Assets/scripts/LevelProgress.cs
  artifactKey: Guid(e5638255ac1928648a5a764415c2b856) Importer(815301076,1909f56bfc062723c751e8b465ee728b)
Start importing Assets/scripts/LevelProgress.cs using Guid(e5638255ac1928648a5a764415c2b856) Importer(815301076,1909f56bfc062723c751e8b465ee728b)  -> (artifact id: 'de6be0306b8746780b87be4db89b35cc') in 0.003248 seconds
  Import took 0.008732 seconds .

========================================================================
Received Import Request.
  Time since last request: 51.862232 seconds.
  path: Assets/scripts/StoragePortal.cs
  artifactKey: Guid(7a92bed44d0c01349972fffac6e954aa) Importer(815301076,1909f56bfc062723c751e8b465ee728b)
Start importing Assets/scripts/StoragePortal.cs using Guid(7a92bed44d0c01349972fffac6e954aa) Importer(815301076,1909f56bfc062723c751e8b465ee728b)  -> (artifact id: 'ca598f4548c43196f61a41782d0f87ec') in 0.002969 seconds
  Import took 0.019271 seconds .

========================================================================
Received Import Request.
  Time since last request: 2.169469 seconds.
  path: Assets/scripts/Switchgravity.cs
  artifactKey: Guid(0fef2f7daab031d4c839cd765b444f08) Importer(815301076,1909f56bfc062723c751e8b465ee728b)
Start importing Assets/scripts/Switchgravity.cs using Guid(0fef2f7daab031d4c839cd765b444f08) Importer(815301076,1909f56bfc062723c751e8b465ee728b)  -> (artifact id: 'ded54808c9f8ffd54d68c34cfda157a5') in 0.010416 seconds
  Import took 0.022896 seconds .

========================================================================
Received Import Request.
  Time since last request: 1.496464 seconds.
  path: Assets/scripts/VectorValue.cs
  artifactKey: Guid(d28bc72bb8e519e4599ed9251d7ebebc) Importer(815301076,1909f56bfc062723c751e8b465ee728b)
Start importing Assets/scripts/VectorValue.cs using Guid(d28bc72bb8e519e4599ed9251d7ebebc) Importer(815301076,1909f56bfc062723c751e8b465ee728b)  -> (artifact id: '21abb38ad0eae0e2ab2c19e7404db1b0') in 0.003219 seconds
  Import took 0.008288 seconds .

========================================================================
Received Prepare
Registering precompiled user dll's ...
Registered in 0.004555 seconds.
Begin MonoManager ReloadAssembly
Native extension for WindowsStandalone target not found
Refreshing native plugins compatible for Editor in 0.87 ms, found 0 plugins.
Preloading 0 native plugins for Editor in 0.00 ms.
Invoked RoslynAnalysisRunner static constructor.
RoslynAnalysisRunner will not be running.
RoslynAnalysisRunner has terminated.
Mono: successfully reloaded assembly
- Completed reload, in  1.517 seconds
Platform modules already initialized, skipping
Shader 'Universal Render Pipeline/Particles/Lit': fallback shader 'Universal Render Pipeline/Particles/SimpleLit' not found
Refreshing native plugins compatible for Editor in 0.66 ms, found 0 plugins.
Preloading 0 native plugins for Editor in 0.00 ms.
Unloading 2599 Unused Serialized files (Serialized files now loaded: 0)
System memory in use before: 114.6 MB.
System memory in use after: 114.9 MB.

Unloading 25 unused Assets to reduce memory usage. Loaded Objects now: 3146.
Total: 3.309000 ms (FindLiveObjects: 0.333200 ms CreateObjectMapping: 0.187700 ms MarkObjects: 2.755400 ms  DeleteObjects: 0.031300 ms)

========================================================================
Received Prepare
Registering precompiled user dll's ...
Registered in 0.002616 seconds.
Begin MonoManager ReloadAssembly
Native extension for WindowsStandalone target not found
Refreshing native plugins compatible for Editor in 0.71 ms, found 0 plugins.
Preloading 0 native plugins for Editor in 0.00 ms.
Invoked RoslynAnalysisRunner static constructor.
RoslynAnalysisRunner will not be running.
RoslynAnalysisRunner has terminated.
Mono: successfully reloaded assembly
- Completed reload, in  1.444 seconds
Platform modules already initialized, skipping
Shader 'Universal Render Pipeline/Particles/Lit': fallback shader 'Universal Render Pipeline/Particles/SimpleLit' not found
Refreshing native plugins compatible for Editor in 1.34 ms, found 0 plugins.
Preloading 0 native plugins for Editor in 0.00 ms.
Unloading 2599 Unused Serialized files (Serialized files now loaded: 0)
System memory in use before: 114.6 MB.
System memory in use after: 114.9 MB.

Unloading 25 unused Assets to reduce memory usage. Loaded Objects now: 3148.
Total: 4.037500 ms (FindLiveObjects: 0.651700 ms CreateObjectMapping: 0.339100 ms MarkObjects: 3.011000 ms  DeleteObjects: 0.033800 ms)

========================================================================
Received Prepare
Registering precompiled user dll's ...
Registered in 0.005770 seconds.
Begin MonoManager ReloadAssembly
Native extension for WindowsStandalone target not found
Refreshing native plugins compatible for Editor in 0.73 ms, found 0 plugins.
Preloading 0 native plugins for Editor in 0.00 ms.
Invoked RoslynAnalysisRunner static constructor.
RoslynAnalysisRunner will not be running.
RoslynAnalysisRunner has terminated.
Mono: successfully reloaded assembly
- Completed reload, in  1.719 seconds
Platform modules already initialized, skipping
Shader 'Universal Render Pipeline/Particles/Lit': fallback shader 'Universal Render Pipeline/Particles/SimpleLit' not found
Refreshing native plugins compatible for Editor in 0.78 ms, found 0 plugins.
Preloading 0 native plugins for Editor in 0.00 ms.
Unloading 2599 Unused Serialized files (Serialized files now loaded: 0)
System memory in use before: 114.7 MB.
System memory in use after: 114.9 MB.

Unloading 25 unused Assets to reduce memory usage. Loaded Objects now: 3150.
Total: 3.543300 ms (FindLiveObjects: 0.492400 ms CreateObjectMapping: 0.221700 ms MarkObjects: 2.795700 ms  DeleteObjects: 0.032000 ms)

========================================================================
Received Prepare
Registering precompiled user dll's ...
Registered in 0.003046 seconds.
Begin MonoManager ReloadAssembly
Native extension for WindowsStandalone target not found
Refreshing native plugins compatible for Editor in 0.57 ms, found 0 plugins.
Preloading 0 native plugins for Editor in 0.00 ms.
Invoked RoslynAnalysisRunner static constructor.
RoslynAnalysisRunner will not be running.
RoslynAnalysisRunner has terminated.
Mono: successfully reloaded assembly
- Completed reload, in  1.413 seconds
Platform modules already initialized, skipping
Shader 'Universal Render Pipeline/Particles/Lit': fallback shader 'Universal Render Pipeline/Particles/SimpleLit' not found
Refreshing native plugins compatible for Editor in 0.64 ms, found 0 plugins.
Preloading 0 native plugins for Editor in 0.00 ms.
Unloading 2599 Unused Serialized files (Serialized files now loaded: 0)
System memory in use before: 114.7 MB.
System memory in use after: 114.9 MB.

Unloading 25 unused Assets to reduce memory usage. Loaded Objects now: 3152.
Total: 2.397500 ms (FindLiveObjects: 0.262600 ms CreateObjectMapping: 0.119100 ms MarkObjects: 1.991500 ms  DeleteObjects: 0.023300 ms)

========================================================================
Received Import Request.
  Time since last request: 496.591581 seconds.
  path: Assets/scripts/CircleProgress.cs
  artifactKey: Guid(ac69a137bfa3f70409c769b523debae1) Importer(815301076,1909f56bfc062723c751e8b465ee728b)
Start importing Assets/scripts/CircleProgress.cs using Guid(ac69a137bfa3f70409c769b523debae1) Importer(815301076,1909f56bfc062723c751e8b465ee728b)  -> (artifact id: '436da11591a936f29535a46d98df23b4') in 0.007194 seconds
  Import took 0.013866 seconds .

========================================================================
Received Import Request.
  Time since last request: 10.874377 seconds.
  path: Assets/Scenes/winningscene.unity
  artifactKey: Guid(aa2bf6ca99eb4d74e84af4957d98934b) Importer(815301076,1909f56bfc062723c751e8b465ee728b)
Start importing Assets/Scenes/winningscene.unity using Guid(aa2bf6ca99eb4d74e84af4957d98934b) Importer(815301076,1909f56bfc062723c751e8b465ee728b)  -> (artifact id: '18a71d91660a195aa863e0b914b5af01') in 0.013879 seconds
  Import took 0.019818 seconds .

========================================================================
Received Import Request.
  Time since last request: 0.001964 seconds.
  path: Assets/Scenes/winningscene.unity
  artifactKey: Guid(aa2bf6ca99eb4d74e84af4957d98934b) Importer(815301076,1909f56bfc062723c751e8b465ee728b)
Start importing Assets/Scenes/winningscene.unity using Guid(aa2bf6ca99eb4d74e84af4957d98934b) Importer(815301076,1909f56bfc062723c751e8b465ee728b)  -> (artifact id: '18a71d91660a195aa863e0b914b5af01') in 0.003821 seconds
  Import took 0.009980 seconds .

========================================================================
Received Prepare
Registering precompiled user dll's ...
Registered in 0.004605 seconds.
Begin MonoManager ReloadAssembly
Native extension for WindowsStandalone target not found
Refreshing native plugins compatible for Editor in 0.69 ms, found 0 plugins.
Preloading 0 native plugins for Editor in 0.00 ms.
Invoked RoslynAnalysisRunner static constructor.
RoslynAnalysisRunner will not be running.
RoslynAnalysisRunner has terminated.
Mono: successfully reloaded assembly
- Completed reload, in  1.506 seconds
Platform modules already initialized, skipping
Shader 'Universal Render Pipeline/Particles/Lit': fallback shader 'Universal Render Pipeline/Particles/SimpleLit' not found
Refreshing native plugins compatible for Editor in 0.71 ms, found 0 plugins.
Preloading 0 native plugins for Editor in 0.00 ms.
Unloading 2599 Unused Serialized files (Serialized files now loaded: 0)
System memory in use before: 114.7 MB.
System memory in use after: 114.9 MB.

Unloading 25 unused Assets to reduce memory usage. Loaded Objects now: 3154.
Total: 2.736600 ms (FindLiveObjects: 0.340900 ms CreateObjectMapping: 0.152400 ms MarkObjects: 2.217100 ms  DeleteObjects: 0.025100 ms)

========================================================================
Received Import Request.
  Time since last request: 156.753393 seconds.
  path: Assets/Scenes/Start.unity
  artifactKey: Guid(4790b8a0d47c8fa41987266f30278ac1) Importer(815301076,1909f56bfc062723c751e8b465ee728b)
Start importing Assets/Scenes/Start.unity using Guid(4790b8a0d47c8fa41987266f30278ac1) Importer(815301076,1909f56bfc062723c751e8b465ee728b)  -> (artifact id: 'efb7ac1d92978fb58753948d65b35632') in 0.024713 seconds
  Import took 1.628443 seconds .

========================================================================
Received Prepare
Registering precompiled user dll's ...
Registered in 0.004639 seconds.
Begin MonoManager ReloadAssembly
Native extension for WindowsStandalone target not found
Refreshing native plugins compatible for Editor in 1.63 ms, found 0 plugins.
Preloading 0 native plugins for Editor in 0.00 ms.
Invoked RoslynAnalysisRunner static constructor.
RoslynAnalysisRunner will not be running.
RoslynAnalysisRunner has terminated.
Mono: successfully reloaded assembly
- Completed reload, in  1.310 seconds
Platform modules already initialized, skipping
Shader 'Universal Render Pipeline/Particles/Lit': fallback shader 'Universal Render Pipeline/Particles/SimpleLit' not found
Refreshing native plugins compatible for Editor in 0.60 ms, found 0 plugins.
Preloading 0 native plugins for Editor in 0.00 ms.
Unloading 2599 Unused Serialized files (Serialized files now loaded: 0)
System memory in use before: 114.7 MB.
System memory in use after: 114.9 MB.

Unloading 25 unused Assets to reduce memory usage. Loaded Objects now: 3156.
Total: 3.999800 ms (FindLiveObjects: 0.420300 ms CreateObjectMapping: 0.207900 ms MarkObjects: 3.338500 ms  DeleteObjects: 0.031700 ms)

========================================================================
Received Import Request.
  Time since last request: 268.415544 seconds.
  path: Assets/Scenes/corridor.unity
  artifactKey: Guid(e06cd86ab6736fb4383311b08ab39111) Importer(815301076,1909f56bfc062723c751e8b465ee728b)
Start importing Assets/Scenes/corridor.unity using Guid(e06cd86ab6736fb4383311b08ab39111) Importer(815301076,1909f56bfc062723c751e8b465ee728b)  -> (artifact id: 'bb6598226d1665ddfe416d6524afe504') in 0.014572 seconds
  Import took 0.372648 seconds .

========================================================================
Received Prepare
Registering precompiled user dll's ...
Registered in 0.002960 seconds.
Begin MonoManager ReloadAssembly
Native extension for WindowsStandalone target not found
Refreshing native plugins compatible for Editor in 0.74 ms, found 0 plugins.
Preloading 0 native plugins for Editor in 0.00 ms.
Invoked RoslynAnalysisRunner static constructor.
RoslynAnalysisRunner will not be running.
RoslynAnalysisRunner has terminated.
Mono: successfully reloaded assembly
- Completed reload, in  1.398 seconds
Platform modules already initialized, skipping
Shader 'Universal Render Pipeline/Particles/Lit': fallback shader 'Universal Render Pipeline/Particles/SimpleLit' not found
Refreshing native plugins compatible for Editor in 0.82 ms, found 0 plugins.
Preloading 0 native plugins for Editor in 0.00 ms.
Unloading 2599 Unused Serialized files (Serialized files now loaded: 0)
System memory in use before: 114.7 MB.
System memory in use after: 114.9 MB.

Unloading 25 unused Assets to reduce memory usage. Loaded Objects now: 3158.
Total: 3.450400 ms (FindLiveObjects: 0.290200 ms CreateObjectMapping: 0.145900 ms MarkObjects: 2.981500 ms  DeleteObjects: 0.031500 ms)

========================================================================
Received Prepare
Registering precompiled user dll's ...
Registered in 0.004918 seconds.
Begin MonoManager ReloadAssembly
Native extension for WindowsStandalone target not found
Refreshing native plugins compatible for Editor in 1.21 ms, found 0 plugins.
Preloading 0 native plugins for Editor in 0.00 ms.
Invoked RoslynAnalysisRunner static constructor.
RoslynAnalysisRunner will not be running.
RoslynAnalysisRunner has terminated.
Mono: successfully reloaded assembly
- Completed reload, in  1.486 seconds
Platform modules already initialized, skipping
Shader 'Universal Render Pipeline/Particles/Lit': fallback shader 'Universal Render Pipeline/Particles/SimpleLit' not found
Refreshing native plugins compatible for Editor in 0.77 ms, found 0 plugins.
Preloading 0 native plugins for Editor in 0.00 ms.
Unloading 2599 Unused Serialized files (Serialized files now loaded: 0)
System memory in use before: 114.7 MB.
System memory in use after: 114.9 MB.

Unloading 25 unused Assets to reduce memory usage. Loaded Objects now: 3160.
Total: 3.890800 ms (FindLiveObjects: 0.383500 ms CreateObjectMapping: 0.201400 ms MarkObjects: 3.270200 ms  DeleteObjects: 0.034200 ms)

========================================================================
Received Import Request.
  Time since last request: 109.809128 seconds.
  path: Assets/Scenes/winningscene.unity
  artifactKey: Guid(aa2bf6ca99eb4d74e84af4957d98934b) Importer(815301076,1909f56bfc062723c751e8b465ee728b)
Start importing Assets/Scenes/winningscene.unity using Guid(aa2bf6ca99eb4d74e84af4957d98934b) Importer(815301076,1909f56bfc062723c751e8b465ee728b)  -> (artifact id: '8258984a3ae8d1f5fb15349bb76869a9') in 0.018374 seconds
  Import took 0.025416 seconds .

========================================================================
Received Prepare
Registering precompiled user dll's ...
Registered in 0.004425 seconds.
Begin MonoManager ReloadAssembly
Native extension for WindowsStandalone target not found
Refreshing native plugins compatible for Editor in 1.32 ms, found 0 plugins.
Preloading 0 native plugins for Editor in 0.00 ms.
Invoked RoslynAnalysisRunner static constructor.
RoslynAnalysisRunner will not be running.
RoslynAnalysisRunner has terminated.
Mono: successfully reloaded assembly
- Completed reload, in  1.830 seconds
Platform modules already initialized, skipping
Shader 'Universal Render Pipeline/Particles/Lit': fallback shader 'Universal Render Pipeline/Particles/SimpleLit' not found
Refreshing native plugins compatible for Editor in 0.67 ms, found 0 plugins.
Preloading 0 native plugins for Editor in 0.00 ms.
Unloading 2599 Unused Serialized files (Serialized files now loaded: 0)
System memory in use before: 114.7 MB.
System memory in use after: 115.0 MB.

Unloading 25 unused Assets to reduce memory usage. Loaded Objects now: 3162.
Total: 2.544900 ms (FindLiveObjects: 0.272500 ms CreateObjectMapping: 0.125200 ms MarkObjects: 2.123600 ms  DeleteObjects: 0.022700 ms)

========================================================================
Received Prepare
Registering precompiled user dll's ...
Registered in 0.003272 seconds.
Begin MonoManager ReloadAssembly
Native extension for WindowsStandalone target not found
Refreshing native plugins compatible for Editor in 0.70 ms, found 0 plugins.
Preloading 0 native plugins for Editor in 0.00 ms.
Invoked RoslynAnalysisRunner static constructor.
RoslynAnalysisRunner will not be running.
RoslynAnalysisRunner has terminated.
Mono: successfully reloaded assembly
- Completed reload, in  1.471 seconds
Platform modules already initialized, skipping
Shader 'Universal Render Pipeline/Particles/Lit': fallback shader 'Universal Render Pipeline/Particles/SimpleLit' not found
Refreshing native plugins compatible for Editor in 0.77 ms, found 0 plugins.
Preloading 0 native plugins for Editor in 0.00 ms.
Unloading 2599 Unused Serialized files (Serialized files now loaded: 0)
System memory in use before: 114.7 MB.
System memory in use after: 115.0 MB.

Unloading 25 unused Assets to reduce memory usage. Loaded Objects now: 3164.
Total: 3.141400 ms (FindLiveObjects: 0.293400 ms CreateObjectMapping: 0.147300 ms MarkObjects: 2.665300 ms  DeleteObjects: 0.033200 ms)

========================================================================
Received Prepare
Registering precompiled user dll's ...
Registered in 0.003652 seconds.
Begin MonoManager ReloadAssembly
Native extension for WindowsStandalone target not found
Refreshing native plugins compatible for Editor in 0.89 ms, found 0 plugins.
Preloading 0 native plugins for Editor in 0.00 ms.
Invoked RoslynAnalysisRunner static constructor.
RoslynAnalysisRunner will not be running.
RoslynAnalysisRunner has terminated.
Mono: successfully reloaded assembly
- Completed reload, in  1.453 seconds
Platform modules already initialized, skipping
Shader 'Universal Render Pipeline/Particles/Lit': fallback shader 'Universal Render Pipeline/Particles/SimpleLit' not found
Refreshing native plugins compatible for Editor in 0.70 ms, found 0 plugins.
Preloading 0 native plugins for Editor in 0.00 ms.
Unloading 2599 Unused Serialized files (Serialized files now loaded: 0)
System memory in use before: 114.7 MB.
System memory in use after: 115.0 MB.

Unloading 25 unused Assets to reduce memory usage. Loaded Objects now: 3166.
Total: 3.587200 ms (FindLiveObjects: 0.413300 ms CreateObjectMapping: 0.191200 ms MarkObjects: 2.951200 ms  DeleteObjects: 0.030100 ms)

========================================================================
Received Import Request.
  Time since last request: 235.455096 seconds.
  path: Assets/Scenes/corridor.unity
  artifactKey: Guid(e06cd86ab6736fb4383311b08ab39111) Importer(815301076,1909f56bfc062723c751e8b465ee728b)
Start importing Assets/Scenes/corridor.unity using Guid(e06cd86ab6736fb4383311b08ab39111) Importer(815301076,1909f56bfc062723c751e8b465ee728b)  -> (artifact id: '59ee2bd963c54cc807f1a2e4df708268') in 0.015923 seconds
  Import took 0.023418 seconds .

========================================================================
Received Prepare
Registering precompiled user dll's ...
Registered in 0.004483 seconds.
Begin MonoManager ReloadAssembly
Native extension for WindowsStandalone target not found
Refreshing native plugins compatible for Editor in 0.80 ms, found 0 plugins.
Preloading 0 native plugins for Editor in 0.00 ms.
Invoked RoslynAnalysisRunner static constructor.
RoslynAnalysisRunner will not be running.
RoslynAnalysisRunner has terminated.
Mono: successfully reloaded assembly
- Completed reload, in  1.601 seconds
Platform modules already initialized, skipping
Shader 'Universal Render Pipeline/Particles/Lit': fallback shader 'Universal Render Pipeline/Particles/SimpleLit' not found
Refreshing native plugins compatible for Editor in 0.67 ms, found 0 plugins.
Preloading 0 native plugins for Editor in 0.00 ms.
Unloading 2599 Unused Serialized files (Serialized files now loaded: 0)
System memory in use before: 114.7 MB.
System memory in use after: 115.0 MB.

Unloading 25 unused Assets to reduce memory usage. Loaded Objects now: 3168.
Total: 2.393100 ms (FindLiveObjects: 0.247100 ms CreateObjectMapping: 0.101400 ms MarkObjects: 2.021800 ms  DeleteObjects: 0.022000 ms)

========================================================================
Received Import Request.
  Time since last request: 20.986712 seconds.
  path: Assets/Scenes/storage.unity
  artifactKey: Guid(ffcd3b0ff5a3d724bbb7fb0e126708e7) Importer(815301076,1909f56bfc062723c751e8b465ee728b)
Start importing Assets/Scenes/storage.unity using Guid(ffcd3b0ff5a3d724bbb7fb0e126708e7) Importer(815301076,1909f56bfc062723c751e8b465ee728b)  -> (artifact id: '601397a0bcf34468cfa8f83b2780905c') in 0.019880 seconds
  Import took 1.614958 seconds .

========================================================================
Received Prepare
Registering precompiled user dll's ...
Registered in 0.003050 seconds.
Begin MonoManager ReloadAssembly
Native extension for WindowsStandalone target not found
Refreshing native plugins compatible for Editor in 0.71 ms, found 0 plugins.
Preloading 0 native plugins for Editor in 0.00 ms.
Invoked RoslynAnalysisRunner static constructor.
RoslynAnalysisRunner will not be running.
RoslynAnalysisRunner has terminated.
Mono: successfully reloaded assembly
- Completed reload, in  1.504 seconds
Platform modules already initialized, skipping
Shader 'Universal Render Pipeline/Particles/Lit': fallback shader 'Universal Render Pipeline/Particles/SimpleLit' not found
Refreshing native plugins compatible for Editor in 0.73 ms, found 0 plugins.
Preloading 0 native plugins for Editor in 0.00 ms.
Unloading 2599 Unused Serialized files (Serialized files now loaded: 0)
System memory in use before: 114.8 MB.
System memory in use after: 115.0 MB.

Unloading 25 unused Assets to reduce memory usage. Loaded Objects now: 3170.
Total: 3.157500 ms (FindLiveObjects: 0.328200 ms CreateObjectMapping: 0.170400 ms MarkObjects: 2.629300 ms  DeleteObjects: 0.028400 ms)

========================================================================
Received Prepare
Registering precompiled user dll's ...
Registered in 0.003652 seconds.
Begin MonoManager ReloadAssembly
Native extension for WindowsStandalone target not found
Refreshing native plugins compatible for Editor in 0.57 ms, found 0 plugins.
Preloading 0 native plugins for Editor in 0.00 ms.
Invoked RoslynAnalysisRunner static constructor.
RoslynAnalysisRunner will not be running.
RoslynAnalysisRunner has terminated.
Mono: successfully reloaded assembly
- Completed reload, in  1.776 seconds
Platform modules already initialized, skipping
Shader 'Universal Render Pipeline/Particles/Lit': fallback shader 'Universal Render Pipeline/Particles/SimpleLit' not found
Refreshing native plugins compatible for Editor in 0.73 ms, found 0 plugins.
Preloading 0 native plugins for Editor in 0.00 ms.
Unloading 2599 Unused Serialized files (Serialized files now loaded: 0)
System memory in use before: 114.8 MB.
System memory in use after: 115.0 MB.

Unloading 25 unused Assets to reduce memory usage. Loaded Objects now: 3172.
Total: 2.304600 ms (FindLiveObjects: 0.270700 ms CreateObjectMapping: 0.112700 ms MarkObjects: 1.898700 ms  DeleteObjects: 0.021400 ms)

========================================================================
Received Import Request.
  Time since last request: 43.021231 seconds.
  path: Assets/Scenes/storage.unity
  artifactKey: Guid(ffcd3b0ff5a3d724bbb7fb0e126708e7) Importer(815301076,1909f56bfc062723c751e8b465ee728b)
Start importing Assets/Scenes/storage.unity using Guid(ffcd3b0ff5a3d724bbb7fb0e126708e7) Importer(815301076,1909f56bfc062723c751e8b465ee728b)  -> (artifact id: 'f31e651735f0e200f22c608cf2987856') in 0.019206 seconds
  Import took 0.025199 seconds .

========================================================================
Received Prepare
Registering precompiled user dll's ...
Registered in 0.003017 seconds.
Begin MonoManager ReloadAssembly
Native extension for WindowsStandalone target not found
Refreshing native plugins compatible for Editor in 0.96 ms, found 0 plugins.
Preloading 0 native plugins for Editor in 0.00 ms.
Invoked RoslynAnalysisRunner static constructor.
RoslynAnalysisRunner will not be running.
RoslynAnalysisRunner has terminated.
Mono: successfully reloaded assembly
- Completed reload, in  1.390 seconds
Platform modules already initialized, skipping
Shader 'Universal Render Pipeline/Particles/Lit': fallback shader 'Universal Render Pipeline/Particles/SimpleLit' not found
Refreshing native plugins compatible for Editor in 0.68 ms, found 0 plugins.
Preloading 0 native plugins for Editor in 0.00 ms.
Unloading 2599 Unused Serialized files (Serialized files now loaded: 0)
System memory in use before: 114.8 MB.
System memory in use after: 115.0 MB.

Unloading 25 unused Assets to reduce memory usage. Loaded Objects now: 3174.
Total: 3.566800 ms (FindLiveObjects: 0.413100 ms CreateObjectMapping: 0.216200 ms MarkObjects: 2.901600 ms  DeleteObjects: 0.034400 ms)

========================================================================
Received Prepare
Registering precompiled user dll's ...
Registered in 0.003576 seconds.
Begin MonoManager ReloadAssembly
Native extension for WindowsStandalone target not found
Refreshing native plugins compatible for Editor in 0.69 ms, found 0 plugins.
Preloading 0 native plugins for Editor in 0.00 ms.
Invoked RoslynAnalysisRunner static constructor.
RoslynAnalysisRunner will not be running.
RoslynAnalysisRunner has terminated.
Mono: successfully reloaded assembly
- Completed reload, in  1.654 seconds
Platform modules already initialized, skipping
Shader 'Universal Render Pipeline/Particles/Lit': fallback shader 'Universal Render Pipeline/Particles/SimpleLit' not found
Refreshing native plugins compatible for Editor in 0.65 ms, found 0 plugins.
Preloading 0 native plugins for Editor in 0.00 ms.
Unloading 2599 Unused Serialized files (Serialized files now loaded: 0)
System memory in use before: 114.8 MB.
System memory in use after: 115.0 MB.

Unloading 25 unused Assets to reduce memory usage. Loaded Objects now: 3176.
Total: 3.237200 ms (FindLiveObjects: 0.348900 ms CreateObjectMapping: 0.207500 ms MarkObjects: 2.647800 ms  DeleteObjects: 0.031700 ms)

========================================================================
Received Import Request.
  Time since last request: 109.269700 seconds.
  path: Assets/Scenes/storage.unity
  artifactKey: Guid(ffcd3b0ff5a3d724bbb7fb0e126708e7) Importer(815301076,1909f56bfc062723c751e8b465ee728b)
Start importing Assets/Scenes/storage.unity using Guid(ffcd3b0ff5a3d724bbb7fb0e126708e7) Importer(815301076,1909f56bfc062723c751e8b465ee728b)  -> (artifact id: 'fc52b8b1405f3f79b0491dd4b77597a6') in 0.014576 seconds
  Import took 0.030096 seconds .

========================================================================
Received Prepare
Registering precompiled user dll's ...
Registered in 0.003183 seconds.
Begin MonoManager ReloadAssembly
Native extension for WindowsStandalone target not found
Refreshing native plugins compatible for Editor in 0.68 ms, found 0 plugins.
Preloading 0 native plugins for Editor in 0.00 ms.
Invoked RoslynAnalysisRunner static constructor.
RoslynAnalysisRunner will not be running.
RoslynAnalysisRunner has terminated.
Mono: successfully reloaded assembly
- Completed reload, in  1.431 seconds
Platform modules already initialized, skipping
Shader 'Universal Render Pipeline/Particles/Lit': fallback shader 'Universal Render Pipeline/Particles/SimpleLit' not found
Refreshing native plugins compatible for Editor in 0.72 ms, found 0 plugins.
Preloading 0 native plugins for Editor in 0.00 ms.
Unloading 2599 Unused Serialized files (Serialized files now loaded: 0)
System memory in use before: 114.8 MB.
System memory in use after: 115.0 MB.

Unloading 25 unused Assets to reduce memory usage. Loaded Objects now: 3178.
Total: 3.500700 ms (FindLiveObjects: 0.331300 ms CreateObjectMapping: 0.148400 ms MarkObjects: 2.984900 ms  DeleteObjects: 0.034700 ms)

========================================================================
Received Prepare
Registering precompiled user dll's ...
Registered in 0.003007 seconds.
Begin MonoManager ReloadAssembly
Native extension for WindowsStandalone target not found
Refreshing native plugins compatible for Editor in 0.58 ms, found 0 plugins.
Preloading 0 native plugins for Editor in 0.00 ms.
Invoked RoslynAnalysisRunner static constructor.
RoslynAnalysisRunner will not be running.
RoslynAnalysisRunner has terminated.
Mono: successfully reloaded assembly
- Completed reload, in  1.500 seconds
Platform modules already initialized, skipping
Shader 'Universal Render Pipeline/Particles/Lit': fallback shader 'Universal Render Pipeline/Particles/SimpleLit' not found
Refreshing native plugins compatible for Editor in 0.66 ms, found 0 plugins.
Preloading 0 native plugins for Editor in 0.00 ms.
Unloading 2599 Unused Serialized files (Serialized files now loaded: 0)
System memory in use before: 114.8 MB.
System memory in use after: 115.0 MB.

Unloading 25 unused Assets to reduce memory usage. Loaded Objects now: 3180.
Total: 2.826100 ms (FindLiveObjects: 0.325800 ms CreateObjectMapping: 0.179800 ms MarkObjects: 2.295300 ms  DeleteObjects: 0.024100 ms)

========================================================================
Received Import Request.
  Time since last request: 82.264897 seconds.
  path: Assets/Scenes/WIN.unity
  artifactKey: Guid(a5cbeced96ec6514da8e1afefd9247d0) Importer(815301076,1909f56bfc062723c751e8b465ee728b)
Start importing Assets/Scenes/WIN.unity using Guid(a5cbeced96ec6514da8e1afefd9247d0) Importer(815301076,1909f56bfc062723c751e8b465ee728b)  -> (artifact id: 'a1b001b30bdf9b5547c6e9afd3b9677e') in 0.021820 seconds
  Import took 0.034564 seconds .

========================================================================
Received Prepare
Registering precompiled user dll's ...
Registered in 0.004250 seconds.
Begin MonoManager ReloadAssembly
Native extension for WindowsStandalone target not found
Refreshing native plugins compatible for Editor in 0.65 ms, found 0 plugins.
Preloading 0 native plugins for Editor in 0.00 ms.
Invoked RoslynAnalysisRunner static constructor.
RoslynAnalysisRunner will not be running.
RoslynAnalysisRunner has terminated.
Mono: successfully reloaded assembly
- Completed reload, in  1.411 seconds
Platform modules already initialized, skipping
Shader 'Universal Render Pipeline/Particles/Lit': fallback shader 'Universal Render Pipeline/Particles/SimpleLit' not found
Refreshing native plugins compatible for Editor in 0.78 ms, found 0 plugins.
Preloading 0 native plugins for Editor in 0.00 ms.
Unloading 2599 Unused Serialized files (Serialized files now loaded: 0)
System memory in use before: 114.8 MB.
System memory in use after: 115.0 MB.

Unloading 25 unused Assets to reduce memory usage. Loaded Objects now: 3182.
Total: 2.739400 ms (FindLiveObjects: 0.361100 ms CreateObjectMapping: 0.130500 ms MarkObjects: 2.223000 ms  DeleteObjects: 0.023800 ms)

========================================================================
Received Prepare
Registering precompiled user dll's ...
Registered in 0.003908 seconds.
Begin MonoManager ReloadAssembly
Native extension for WindowsStandalone target not found
Refreshing native plugins compatible for Editor in 0.59 ms, found 0 plugins.
Preloading 0 native plugins for Editor in 0.00 ms.
Invoked RoslynAnalysisRunner static constructor.
RoslynAnalysisRunner will not be running.
RoslynAnalysisRunner has terminated.
Mono: successfully reloaded assembly
- Completed reload, in  1.606 seconds
Platform modules already initialized, skipping
Shader 'Universal Render Pipeline/Particles/Lit': fallback shader 'Universal Render Pipeline/Particles/SimpleLit' not found
Refreshing native plugins compatible for Editor in 0.80 ms, found 0 plugins.
Preloading 0 native plugins for Editor in 0.00 ms.
Unloading 2599 Unused Serialized files (Serialized files now loaded: 0)
System memory in use before: 114.8 MB.
System memory in use after: 115.0 MB.

Unloading 25 unused Assets to reduce memory usage. Loaded Objects now: 3184.
Total: 3.424700 ms (FindLiveObjects: 0.344600 ms CreateObjectMapping: 0.183300 ms MarkObjects: 2.866800 ms  DeleteObjects: 0.028800 ms)

AssetImportWorkerClient::OnTransportError - code=2 error=End of file
